INFO 2021-01-19 16:29:00,736 autoreload 578 Watching for file changes with StatReloader
INFO 2021-01-19 16:29:21,154 basehttp 154 "POST /users/login/ HTTP/1.1" 200 173
INFO 2021-01-19 16:31:36,847 autoreload 203 /home/hkxpz/maxiaolong/hippo/hippo_api/hippo_api/settings/dev.py changed, reloading.
2021-01-19 16:31:37,398 [INFO]  [autoreload 578] Watching for file changes with StatReloader
2021-01-19 16:31:45,484 [INFO]  [basehttp 154] "POST /users/login/ HTTP/1.1" 200 173
2021-01-19 16:31:46,266 [INFO]  [basehttp 154] "POST /users/login/ HTTP/1.1" 200 173
2021-01-19 16:32:30,158 [INFO]  [autoreload 203] /home/hkxpz/maxiaolong/hippo/hippo_api/hippo_api/settings/dev.py changed, reloading.
2021-01-19 16:32:30,758 [INFO]  [autoreload - 578] Watching for file changes with StatReloader
2021-01-19 16:32:35,353 [INFO]  [basehttp - 154] "POST /users/login/ HTTP/1.1" 200 173
2021-01-19 16:32:35,678 [INFO]  [basehttp - 154] "POST /users/login/ HTTP/1.1" 200 173
2021-01-19 16:32:36,872 [INFO]  [basehttp - 154] "POST /users/login/ HTTP/1.1" 200 173
2021-01-19 16:32:37,466 [INFO]  [basehttp - 154] "POST /users/login/ HTTP/1.1" 200 173
2021-01-19 16:32:37,845 [INFO]  [basehttp - 154] "POST /users/login/ HTTP/1.1" 200 173
2021-01-19 16:32:38,371 [INFO]  [basehttp - 154] "POST /users/login/ HTTP/1.1" 200 173
2021-01-19 16:33:45,845 [INFO]  [autoreload - 578] Watching for file changes with StatReloader
2021-01-19 16:33:56,962 [INFO]  [basehttp - 154] "GET /xadmin/xadmin/log/ HTTP/1.1" 200 29690
2021-01-19 16:33:57,007 [INFO]  [basehttp - 154] "GET /static/xadmin/css/themes/bootstrap-xadmin.css HTTP/1.1" 304 0
2021-01-19 16:33:57,011 [INFO]  [basehttp - 154] "GET /static/xadmin/css/xadmin.main.css HTTP/1.1" 304 0
2021-01-19 16:33:57,012 [INFO]  [basehttp - 154] "GET /static/xadmin/vendor/bootstrap/css/bootstrap.css HTTP/1.1" 304 0
2021-01-19 16:33:57,015 [INFO]  [basehttp - 154] "GET /xadmin/jsi18n/ HTTP/1.1" 200 7722
2021-01-19 16:33:57,016 [INFO]  [basehttp - 154] "GET /static/xadmin/css/xadmin.plugins.css HTTP/1.1" 304 0
2021-01-19 16:33:57,019 [INFO]  [basehttp - 154] "GET /static/xadmin/css/xadmin.responsive.css HTTP/1.1" 304 0
2021-01-19 16:33:57,020 [INFO]  [basehttp - 154] "GET /static/xadmin/vendor/font-awesome/css/font-awesome.css HTTP/1.1" 304 0
2021-01-19 16:33:57,020 [WARNING]  [basehttp - 154] "GET /static/xadmin/vendor/select2/select2_locale_zh-Hans.js HTTP/1.1" 404 1769
2021-01-19 16:33:57,022 [INFO]  [basehttp - 154] "GET /static/xadmin/css/xadmin.form.css HTTP/1.1" 304 0
2021-01-19 16:33:57,024 [INFO]  [basehttp - 154] "GET /static/xadmin/vendor/bootstrap-datepicker/css/datepicker.css HTTP/1.1" 304 0
2021-01-19 16:33:57,025 [INFO]  [basehttp - 154] "GET /static/xadmin/vendor/select2/select2.css HTTP/1.1" 304 0
2021-01-19 16:33:57,027 [INFO]  [basehttp - 154] "GET /static/xadmin/vendor/selectize/selectize.css HTTP/1.1" 304 0
2021-01-19 16:33:57,050 [INFO]  [basehttp - 154] "GET /static/xadmin/vendor/selectize/selectize.bootstrap3.css HTTP/1.1" 304 0
2021-01-19 16:33:57,063 [INFO]  [basehttp - 154] "GET /static/xadmin/vendor/jquery/jquery.js HTTP/1.1" 304 0
2021-01-19 16:33:57,070 [INFO]  [basehttp - 154] "GET /static/xadmin/vendor/jquery-ui/jquery.ui.core.js HTTP/1.1" 304 0
2021-01-19 16:33:57,075 [INFO]  [basehttp - 154] "GET /static/xadmin/vendor/jquery-ui/jquery.ui.mouse.js HTTP/1.1" 304 0
2021-01-19 16:33:57,076 [INFO]  [basehttp - 154] "GET /static/xadmin/vendor/jquery-ui/jquery.ui.widget.js HTTP/1.1" 304 0
2021-01-19 16:33:57,079 [INFO]  [basehttp - 154] "GET /static/xadmin/vendor/jquery-ui/jquery.ui.sortable.js HTTP/1.1" 304 0
2021-01-19 16:33:57,093 [INFO]  [basehttp - 154] "GET /static/xadmin/vendor/bootstrap/js/bootstrap.js HTTP/1.1" 304 0
2021-01-19 16:33:57,109 [INFO]  [basehttp - 154] "GET /static/xadmin/js/xadmin.main.js HTTP/1.1" 304 0
2021-01-19 16:33:57,114 [INFO]  [basehttp - 154] "GET /static/xadmin/js/xadmin.responsive.js HTTP/1.1" 304 0
2021-01-19 16:33:57,117 [INFO]  [basehttp - 154] "GET /static/xadmin/vendor/jquery-ui/jquery.ui.effect.js HTTP/1.1" 304 0
2021-01-19 16:33:57,122 [INFO]  [basehttp - 154] "GET /static/xadmin/js/xadmin.plugin.details.js HTTP/1.1" 304 0
2021-01-19 16:33:57,123 [INFO]  [basehttp - 154] "GET /static/xadmin/js/xadmin.plugin.bookmark.js HTTP/1.1" 304 0
2021-01-19 16:33:57,137 [INFO]  [basehttp - 154] "GET /static/xadmin/vendor/bootstrap-datepicker/js/bootstrap-datepicker.js HTTP/1.1" 304 0
2021-01-19 16:33:57,155 [INFO]  [basehttp - 154] "GET /static/xadmin/vendor/selectize/selectize.js HTTP/1.1" 304 0
2021-01-19 16:33:57,159 [INFO]  [basehttp - 154] "GET /static/xadmin/js/xadmin.plugin.filters.js HTTP/1.1" 304 0
2021-01-19 16:33:57,161 [INFO]  [basehttp - 154] "GET /static/xadmin/js/xadmin.page.list.js HTTP/1.1" 304 0
2021-01-19 16:33:57,171 [INFO]  [basehttp - 154] "GET /static/xadmin/js/xadmin.widget.datetime.js HTTP/1.1" 304 0
2021-01-19 16:33:57,172 [INFO]  [basehttp - 154] "GET /static/xadmin/js/xadmin.plugin.themes.js HTTP/1.1" 304 0
2021-01-19 16:33:57,181 [INFO]  [basehttp - 154] "GET /static/xadmin/vendor/select2/select2.js HTTP/1.1" 304 0
2021-01-19 16:33:57,201 [INFO]  [basehttp - 154] "GET /static/xadmin/js/xadmin.page.form.js HTTP/1.1" 304 0
2021-01-19 16:33:57,205 [INFO]  [basehttp - 154] "GET /static/xadmin/js/xadmin.widget.select.js HTTP/1.1" 304 0
2021-01-19 16:33:57,248 [WARNING]  [basehttp - 154] "GET /static/xadmin/vendor/select2/select2_locale_zh-Hans.js HTTP/1.1" 404 1769
2021-01-19 16:39:18,733 [INFO]  [basehttp - 154] "GET /xadmin/xadmin/log/ HTTP/1.1" 200 29690
2021-01-19 16:39:18,745 [INFO]  [basehttp - 154] "GET /static/xadmin/vendor/bootstrap/css/bootstrap.css HTTP/1.1" 304 0
2021-01-19 16:39:18,747 [INFO]  [basehttp - 154] "GET /static/xadmin/css/themes/bootstrap-xadmin.css HTTP/1.1" 304 0
2021-01-19 16:39:18,775 [WARNING]  [basehttp - 154] "GET /static/xadmin/vendor/select2/select2_locale_zh-Hans.js HTTP/1.1" 404 1769
2021-01-19 16:39:18,777 [INFO]  [basehttp - 154] "GET /static/xadmin/css/xadmin.plugins.css HTTP/1.1" 304 0
2021-01-19 16:39:18,781 [INFO]  [basehttp - 154] "GET /static/xadmin/css/xadmin.main.css HTTP/1.1" 304 0
2021-01-19 16:39:18,782 [INFO]  [basehttp - 154] "GET /static/xadmin/vendor/font-awesome/css/font-awesome.css HTTP/1.1" 304 0
2021-01-19 16:39:18,797 [INFO]  [basehttp - 154] "GET /static/xadmin/vendor/selectize/selectize.css HTTP/1.1" 304 0
2021-01-19 16:39:18,792 [INFO]  [basehttp - 154] "GET /static/xadmin/css/xadmin.responsive.css HTTP/1.1" 304 0
2021-01-19 16:39:18,793 [INFO]  [basehttp - 154] "GET /static/xadmin/css/xadmin.form.css HTTP/1.1" 304 0
2021-01-19 16:39:18,794 [INFO]  [basehttp - 154] "GET /static/xadmin/vendor/select2/select2.css HTTP/1.1" 304 0
2021-01-19 16:39:18,790 [INFO]  [basehttp - 154] "GET /xadmin/jsi18n/ HTTP/1.1" 200 7722
2021-01-19 16:39:18,803 [INFO]  [basehttp - 154] "GET /static/xadmin/vendor/bootstrap-datepicker/css/datepicker.css HTTP/1.1" 304 0
2021-01-19 16:39:18,804 [INFO]  [basehttp - 154] "GET /static/xadmin/vendor/selectize/selectize.bootstrap3.css HTTP/1.1" 304 0
2021-01-19 16:39:18,836 [INFO]  [basehttp - 154] "GET /static/xadmin/vendor/jquery/jquery.js HTTP/1.1" 304 0
2021-01-19 16:39:18,839 [INFO]  [basehttp - 154] "GET /static/xadmin/vendor/jquery-ui/jquery.ui.core.js HTTP/1.1" 304 0
2021-01-19 16:39:18,840 [INFO]  [basehttp - 154] "GET /static/xadmin/vendor/jquery-ui/jquery.ui.widget.js HTTP/1.1" 304 0
2021-01-19 16:39:18,841 [INFO]  [basehttp - 154] "GET /static/xadmin/vendor/jquery-ui/jquery.ui.mouse.js HTTP/1.1" 304 0
2021-01-19 16:39:18,851 [INFO]  [basehttp - 154] "GET /static/xadmin/vendor/bootstrap/js/bootstrap.js HTTP/1.1" 304 0
2021-01-19 16:39:18,852 [INFO]  [basehttp - 154] "GET /static/xadmin/vendor/jquery-ui/jquery.ui.sortable.js HTTP/1.1" 304 0
2021-01-19 16:39:18,882 [INFO]  [basehttp - 154] "GET /static/xadmin/js/xadmin.main.js HTTP/1.1" 304 0
2021-01-19 16:39:18,888 [INFO]  [basehttp - 154] "GET /static/xadmin/js/xadmin.responsive.js HTTP/1.1" 304 0
2021-01-19 16:39:18,891 [INFO]  [basehttp - 154] "GET /static/xadmin/js/xadmin.plugin.details.js HTTP/1.1" 304 0
2021-01-19 16:39:18,892 [INFO]  [basehttp - 154] "GET /static/xadmin/vendor/jquery-ui/jquery.ui.effect.js HTTP/1.1" 304 0
2021-01-19 16:39:18,898 [INFO]  [basehttp - 154] "GET /static/xadmin/js/xadmin.plugin.bookmark.js HTTP/1.1" 304 0
2021-01-19 16:39:18,900 [INFO]  [basehttp - 154] "GET /static/xadmin/vendor/bootstrap-datepicker/js/bootstrap-datepicker.js HTTP/1.1" 304 0
2021-01-19 16:39:18,929 [INFO]  [basehttp - 154] "GET /static/xadmin/vendor/selectize/selectize.js HTTP/1.1" 304 0
2021-01-19 16:39:18,935 [INFO]  [basehttp - 154] "GET /static/xadmin/js/xadmin.plugin.filters.js HTTP/1.1" 304 0
2021-01-19 16:39:18,939 [INFO]  [basehttp - 154] "GET /static/xadmin/js/xadmin.page.list.js HTTP/1.1" 304 0
2021-01-19 16:39:18,943 [INFO]  [basehttp - 154] "GET /static/xadmin/js/xadmin.plugin.themes.js HTTP/1.1" 304 0
2021-01-19 16:39:18,946 [INFO]  [basehttp - 154] "GET /static/xadmin/vendor/select2/select2.js HTTP/1.1" 304 0
2021-01-19 16:39:18,947 [INFO]  [basehttp - 154] "GET /static/xadmin/js/xadmin.widget.datetime.js HTTP/1.1" 304 0
2021-01-19 16:39:18,973 [INFO]  [basehttp - 154] "GET /static/xadmin/js/xadmin.page.form.js HTTP/1.1" 304 0
2021-01-19 16:39:18,977 [INFO]  [basehttp - 154] "GET /static/xadmin/js/xadmin.widget.select.js HTTP/1.1" 304 0
2021-01-19 16:39:19,022 [WARNING]  [basehttp - 154] "GET /static/xadmin/vendor/select2/select2_locale_zh-Hans.js HTTP/1.1" 404 1769
2021-01-19 16:39:20,162 [INFO]  [basehttp - 154] "GET /xadmin/xadmin/log/ HTTP/1.1" 200 29690
2021-01-19 16:39:20,183 [WARNING]  [basehttp - 154] "GET /static/xadmin/vendor/select2/select2_locale_zh-Hans.js HTTP/1.1" 404 1769
2021-01-19 16:39:20,189 [INFO]  [basehttp - 154] "GET /xadmin/jsi18n/ HTTP/1.1" 200 7722
2021-01-19 16:39:20,258 [WARNING]  [basehttp - 154] "GET /static/xadmin/vendor/select2/select2_locale_zh-Hans.js HTTP/1.1" 404 1769
2021-01-19 16:39:49,343 [INFO]  [basehttp - 154] "POST /users/login/ HTTP/1.1" 200 173
2021-01-19 16:40:04,903 [INFO]  [basehttp - 154] "POST /users/login/ HTTP/1.1" 200 173
2021-01-19 16:40:07,003 [INFO]  [basehttp - 154] "POST /users/login/ HTTP/1.1" 200 173
2021-01-19 16:40:09,406 [INFO]  [basehttp - 154] "POST /users/login/ HTTP/1.1" 200 173
2021-01-19 16:40:10,539 [INFO]  [basehttp - 154] "POST /users/login/ HTTP/1.1" 200 173
2021-01-19 16:40:13,388 [INFO]  [basehttp - 154] "POST /users/login/ HTTP/1.1" 200 173
2021-01-19 16:40:13,905 [INFO]  [basehttp - 154] "POST /users/login/ HTTP/1.1" 200 173
2021-01-19 16:40:14,220 [INFO]  [basehttp - 154] "POST /users/login/ HTTP/1.1" 200 173
2021-01-19 16:40:37,740 [INFO]  [basehttp - 154] "GET /xadmin/users/user/ HTTP/1.1" 200 33712
2021-01-19 16:40:37,758 [INFO]  [basehttp - 154] "GET /static/xadmin/js/xadmin.plugin.actions.js HTTP/1.1" 304 0
2021-01-19 16:40:37,770 [INFO]  [basehttp - 154] "GET /xadmin/jsi18n/ HTTP/1.1" 200 7722
2021-01-19 16:58:51,721 [INFO]  [autoreload - 578] Watching for file changes with StatReloader
2021-01-19 17:14:10,051 [INFO]  [autoreload - 203] /home/hkxpz/maxiaolong/hippo/hippo_api/hippo_api/settings/dev.py changed, reloading.
2021-01-19 17:14:10,634 [INFO]  [autoreload - 578] Watching for file changes with StatReloader
2021-01-19 18:11:54,532 [INFO]  [autoreload - 203] /home/hkxpz/maxiaolong/hippo/hippo_api/hippo_api/apps/host/models.py changed, reloading.
2021-01-19 18:11:55,116 [INFO]  [autoreload - 578] Watching for file changes with StatReloader
2021-01-19 18:13:30,529 [INFO]  [basehttp - 154] "GET /xadmin/users/user/ HTTP/1.1" 200 33712
2021-01-19 18:13:30,570 [INFO]  [basehttp - 154] "GET /static/xadmin/vendor/bootstrap/css/bootstrap.css HTTP/1.1" 304 0
2021-01-19 18:13:30,574 [INFO]  [basehttp - 154] "GET /static/xadmin/vendor/font-awesome/css/font-awesome.css HTTP/1.1" 304 0
2021-01-19 18:13:30,576 [INFO]  [basehttp - 154] "GET /static/xadmin/css/themes/bootstrap-xadmin.css HTTP/1.1" 304 0
2021-01-19 18:13:30,578 [INFO]  [basehttp - 154] "GET /static/xadmin/css/xadmin.plugins.css HTTP/1.1" 304 0
2021-01-19 18:13:30,584 [INFO]  [basehttp - 154] "GET /static/xadmin/css/xadmin.form.css HTTP/1.1" 304 0
2021-01-19 18:13:30,585 [INFO]  [basehttp - 154] "GET /static/xadmin/vendor/jquery/jquery.js HTTP/1.1" 304 0
2021-01-19 18:13:30,587 [INFO]  [basehttp - 154] "GET /static/xadmin/css/xadmin.responsive.css HTTP/1.1" 304 0
2021-01-19 18:13:30,589 [INFO]  [basehttp - 154] "GET /static/xadmin/css/xadmin.main.css HTTP/1.1" 304 0
2021-01-19 18:13:30,593 [INFO]  [basehttp - 154] "GET /static/xadmin/vendor/jquery-ui/jquery.ui.widget.js HTTP/1.1" 304 0
2021-01-19 18:13:30,597 [INFO]  [basehttp - 154] "GET /static/xadmin/vendor/jquery-ui/jquery.ui.core.js HTTP/1.1" 304 0
2021-01-19 18:13:30,597 [INFO]  [basehttp - 154] "GET /xadmin/jsi18n/ HTTP/1.1" 200 7722
2021-01-19 18:13:30,613 [INFO]  [basehttp - 154] "GET /static/xadmin/vendor/jquery-ui/jquery.ui.mouse.js HTTP/1.1" 304 0
2021-01-19 18:13:30,635 [INFO]  [basehttp - 154] "GET /static/xadmin/vendor/jquery-ui/jquery.ui.sortable.js HTTP/1.1" 304 0
2021-01-19 18:13:30,639 [INFO]  [basehttp - 154] "GET /static/xadmin/vendor/bootstrap/js/bootstrap.js HTTP/1.1" 304 0
2021-01-19 18:13:30,641 [INFO]  [basehttp - 154] "GET /static/xadmin/js/xadmin.main.js HTTP/1.1" 304 0
2021-01-19 18:13:30,644 [INFO]  [basehttp - 154] "GET /static/xadmin/js/xadmin.responsive.js HTTP/1.1" 304 0
2021-01-19 18:13:30,646 [INFO]  [basehttp - 154] "GET /static/xadmin/vendor/jquery-ui/jquery.ui.effect.js HTTP/1.1" 304 0
2021-01-19 18:13:30,657 [INFO]  [basehttp - 154] "GET /static/xadmin/js/xadmin.plugin.details.js HTTP/1.1" 304 0
2021-01-19 18:13:30,682 [INFO]  [basehttp - 154] "GET /static/xadmin/js/xadmin.plugin.bookmark.js HTTP/1.1" 304 0
2021-01-19 18:13:30,684 [INFO]  [basehttp - 154] "GET /static/xadmin/js/xadmin.plugin.filters.js HTTP/1.1" 304 0
2021-01-19 18:13:30,691 [INFO]  [basehttp - 154] "GET /static/xadmin/js/xadmin.page.list.js HTTP/1.1" 304 0
2021-01-19 18:13:30,692 [INFO]  [basehttp - 154] "GET /static/xadmin/js/xadmin.plugin.actions.js HTTP/1.1" 304 0
2021-01-19 18:13:30,696 [INFO]  [basehttp - 154] "GET /static/xadmin/js/xadmin.plugin.themes.js HTTP/1.1" 304 0
2021-01-19 18:13:30,705 [INFO]  [basehttp - 154] "GET /static/xadmin/js/xadmin.page.form.js HTTP/1.1" 304 0
2021-01-19 18:16:06,650 [INFO]  [basehttp - 154] "GET /xadmin/users/user/ HTTP/1.1" 200 33712
2021-01-19 18:16:06,670 [INFO]  [basehttp - 154] "GET /xadmin/jsi18n/ HTTP/1.1" 200 7722
2021-01-19 18:16:09,068 [INFO]  [basehttp - 154] "GET /xadmin/users/user/ HTTP/1.1" 200 33712
2021-01-19 18:16:09,088 [INFO]  [basehttp - 154] "GET /xadmin/jsi18n/ HTTP/1.1" 200 7722
2021-01-19 18:16:09,970 [INFO]  [basehttp - 154] "GET /xadmin/users/user/ HTTP/1.1" 200 33712
2021-01-19 18:16:10,002 [INFO]  [basehttp - 154] "GET /xadmin/jsi18n/ HTTP/1.1" 200 7722
2021-01-19 18:16:10,516 [INFO]  [basehttp - 154] "GET /xadmin/users/user/ HTTP/1.1" 200 33712
2021-01-19 18:16:10,544 [INFO]  [basehttp - 154] "GET /xadmin/jsi18n/ HTTP/1.1" 200 7722
2021-01-19 18:17:45,191 [INFO]  [autoreload - 578] Watching for file changes with StatReloader
2021-01-19 18:24:26,925 [INFO]  [autoreload - 578] Watching for file changes with StatReloader
2021-01-19 18:25:03,199 [INFO]  [basehttp - 154] "GET /xadmin/users/user/ HTTP/1.1" 200 34846
2021-01-19 18:25:03,226 [INFO]  [basehttp - 154] "GET /xadmin/jsi18n/ HTTP/1.1" 200 7722
2021-01-19 18:25:38,138 [INFO]  [basehttp - 154] "GET /xadmin/users/user/ HTTP/1.1" 200 34846
2021-01-19 18:25:38,160 [INFO]  [basehttp - 154] "GET /xadmin/jsi18n/ HTTP/1.1" 200 7722
2021-01-19 18:25:45,778 [INFO]  [basehttp - 154] "GET /xadmin/users/user/ HTTP/1.1" 200 34846
2021-01-19 18:25:45,807 [INFO]  [basehttp - 154] "GET /xadmin/jsi18n/ HTTP/1.1" 200 7722
2021-01-19 18:28:07,931 [INFO]  [autoreload - 203] /home/hkxpz/maxiaolong/hippo/hippo_api/hippo_api/apps/users/urls.py changed, reloading.
2021-01-19 18:28:08,534 [INFO]  [autoreload - 578] Watching for file changes with StatReloader
2021-01-19 18:34:45,018 [INFO]  [basehttp - 154] "GET /xadmin/users/user/ HTTP/1.1" 200 34846
2021-01-19 18:34:45,047 [INFO]  [basehttp - 154] "GET /static/xadmin/vendor/bootstrap/css/bootstrap.css HTTP/1.1" 304 0
2021-01-19 18:34:45,053 [INFO]  [basehttp - 154] "GET /static/xadmin/css/xadmin.responsive.css HTTP/1.1" 304 0
2021-01-19 18:34:45,065 [INFO]  [basehttp - 154] "GET /static/xadmin/css/themes/bootstrap-xadmin.css HTTP/1.1" 304 0
2021-01-19 18:34:45,065 [INFO]  [basehttp - 154] "GET /static/xadmin/vendor/font-awesome/css/font-awesome.css HTTP/1.1" 304 0
2021-01-19 18:34:45,073 [INFO]  [basehttp - 154] "GET /static/xadmin/vendor/jquery/jquery.js HTTP/1.1" 304 0
2021-01-19 18:34:45,075 [INFO]  [basehttp - 154] "GET /static/xadmin/css/xadmin.main.css HTTP/1.1" 304 0
2021-01-19 18:34:45,082 [INFO]  [basehttp - 154] "GET /static/xadmin/css/xadmin.form.css HTTP/1.1" 304 0
2021-01-19 18:34:45,082 [INFO]  [basehttp - 154] "GET /static/xadmin/css/xadmin.plugins.css HTTP/1.1" 304 0
2021-01-19 18:34:45,083 [INFO]  [basehttp - 154] "GET /static/xadmin/vendor/jquery-ui/jquery.ui.core.js HTTP/1.1" 304 0
2021-01-19 18:34:45,086 [INFO]  [basehttp - 154] "GET /xadmin/jsi18n/ HTTP/1.1" 200 7722
2021-01-19 18:34:45,088 [INFO]  [basehttp - 154] "GET /static/xadmin/vendor/jquery-ui/jquery.ui.widget.js HTTP/1.1" 304 0
2021-01-19 18:34:45,099 [INFO]  [basehttp - 154] "GET /static/xadmin/vendor/jquery-ui/jquery.ui.mouse.js HTTP/1.1" 304 0
2021-01-19 18:34:45,117 [INFO]  [basehttp - 154] "GET /static/xadmin/vendor/jquery-ui/jquery.ui.sortable.js HTTP/1.1" 304 0
2021-01-19 18:34:45,133 [INFO]  [basehttp - 154] "GET /static/xadmin/vendor/bootstrap/js/bootstrap.js HTTP/1.1" 304 0
2021-01-19 18:34:45,134 [INFO]  [basehttp - 154] "GET /static/xadmin/js/xadmin.main.js HTTP/1.1" 304 0
2021-01-19 18:34:45,134 [INFO]  [basehttp - 154] "GET /static/xadmin/js/xadmin.responsive.js HTTP/1.1" 304 0
2021-01-19 18:34:45,137 [INFO]  [basehttp - 154] "GET /static/xadmin/vendor/jquery-ui/jquery.ui.effect.js HTTP/1.1" 304 0
2021-01-19 18:34:45,141 [INFO]  [basehttp - 154] "GET /static/xadmin/js/xadmin.plugin.details.js HTTP/1.1" 304 0
2021-01-19 18:34:45,165 [INFO]  [basehttp - 154] "GET /static/xadmin/js/xadmin.plugin.bookmark.js HTTP/1.1" 304 0
2021-01-19 18:34:45,179 [INFO]  [basehttp - 154] "GET /static/xadmin/js/xadmin.plugin.filters.js HTTP/1.1" 304 0
2021-01-19 18:34:45,182 [INFO]  [basehttp - 154] "GET /static/xadmin/js/xadmin.plugin.actions.js HTTP/1.1" 304 0
2021-01-19 18:34:45,185 [INFO]  [basehttp - 154] "GET /static/xadmin/js/xadmin.page.list.js HTTP/1.1" 304 0
2021-01-19 18:34:45,186 [INFO]  [basehttp - 154] "GET /static/xadmin/js/xadmin.plugin.themes.js HTTP/1.1" 304 0
2021-01-19 18:34:45,188 [INFO]  [basehttp - 154] "GET /static/xadmin/js/xadmin.page.form.js HTTP/1.1" 304 0
2021-01-19 18:34:46,132 [INFO]  [basehttp - 154] "GET /xadmin/logout/ HTTP/1.1" 200 2862
2021-01-19 18:34:46,160 [INFO]  [basehttp - 154] "GET /xadmin/jsi18n/ HTTP/1.1" 200 4361
2021-01-19 18:34:48,675 [INFO]  [basehttp - 154] "GET /xadmin/ HTTP/1.1" 200 4354
2021-01-19 18:34:48,704 [INFO]  [basehttp - 154] "GET /xadmin/jsi18n/ HTTP/1.1" 200 4361
2021-01-19 18:34:51,758 [INFO]  [basehttp - 154] "POST /xadmin/ HTTP/1.1" 302 0
2021-01-19 18:34:51,795 [INFO]  [basehttp - 154] "GET /xadmin/ HTTP/1.1" 200 15101
2021-01-19 18:34:51,873 [INFO]  [basehttp - 154] "GET /static/xadmin/css/xadmin.page.dashboard.css HTTP/1.1" 304 0
2021-01-19 18:34:51,875 [INFO]  [basehttp - 154] "GET /static/xadmin/js/xadmin.plugin.portal.js HTTP/1.1" 304 0
2021-01-19 18:34:51,877 [INFO]  [basehttp - 154] "GET /static/xadmin/js/xadmin.page.dashboard.js HTTP/1.1" 304 0
2021-01-19 18:34:51,883 [INFO]  [basehttp - 154] "GET /xadmin/jsi18n/ HTTP/1.1" 200 7722
2021-01-19 18:36:19,279 [INFO]  [autoreload - 203] /home/hkxpz/maxiaolong/hippo/hippo_api/hippo_api/apps/host/apps.py changed, reloading.
2021-01-19 18:36:19,895 [INFO]  [autoreload - 578] Watching for file changes with StatReloader
2021-01-19 18:36:25,345 [INFO]  [basehttp - 154] "GET /xadmin/ HTTP/1.1" 200 15093
2021-01-19 18:36:25,367 [INFO]  [basehttp - 154] "GET /xadmin/jsi18n/ HTTP/1.1" 200 7722
2021-01-19 18:36:37,464 [INFO]  [basehttp - 154] "GET /xadmin/reversion/revision/ HTTP/1.1" 200 29654
2021-01-19 18:36:37,491 [INFO]  [basehttp - 154] "GET /static/xadmin/vendor/bootstrap-datepicker/css/datepicker.css HTTP/1.1" 304 0
2021-01-19 18:36:37,495 [INFO]  [basehttp - 154] "GET /static/xadmin/vendor/select2/select2.css HTTP/1.1" 304 0
2021-01-19 18:36:37,500 [INFO]  [basehttp - 154] "GET /static/xadmin/vendor/bootstrap-datepicker/js/bootstrap-datepicker.js HTTP/1.1" 304 0
2021-01-19 18:36:37,508 [INFO]  [basehttp - 154] "GET /static/xadmin/vendor/selectize/selectize.css HTTP/1.1" 304 0
2021-01-19 18:36:37,511 [INFO]  [basehttp - 154] "GET /xadmin/jsi18n/ HTTP/1.1" 200 7722
2021-01-19 18:36:37,514 [WARNING]  [basehttp - 154] "GET /static/xadmin/vendor/select2/select2_locale_zh-Hans.js HTTP/1.1" 404 1769
2021-01-19 18:36:37,516 [INFO]  [basehttp - 154] "GET /static/xadmin/js/xadmin.widget.datetime.js HTTP/1.1" 304 0
2021-01-19 18:36:37,520 [INFO]  [basehttp - 154] "GET /static/xadmin/vendor/selectize/selectize.bootstrap3.css HTTP/1.1" 304 0
2021-01-19 18:36:37,523 [INFO]  [basehttp - 154] "GET /static/xadmin/vendor/selectize/selectize.js HTTP/1.1" 304 0
2021-01-19 18:36:37,525 [INFO]  [basehttp - 154] "GET /static/xadmin/js/xadmin.widget.select.js HTTP/1.1" 304 0
2021-01-19 18:36:37,525 [INFO]  [basehttp - 154] "GET /static/xadmin/vendor/select2/select2.js HTTP/1.1" 304 0
2021-01-19 18:36:37,587 [WARNING]  [basehttp - 154] "GET /static/xadmin/vendor/select2/select2_locale_zh-Hans.js HTTP/1.1" 404 1769
2021-01-19 18:36:49,545 [INFO]  [autoreload - 203] /home/hkxpz/maxiaolong/hippo/hippo_api/hippo_api/apps/host/apps.py changed, reloading.
2021-01-19 18:36:50,286 [INFO]  [autoreload - 578] Watching for file changes with StatReloader
2021-01-19 18:37:01,038 [INFO]  [basehttp - 154] "GET /xadmin/reversion/revision/ HTTP/1.1" 200 29662
2021-01-19 18:37:01,077 [WARNING]  [basehttp - 154] "GET /static/xadmin/vendor/select2/select2_locale_zh-Hans.js HTTP/1.1" 404 1769
2021-01-19 18:37:01,080 [INFO]  [basehttp - 154] "GET /xadmin/jsi18n/ HTTP/1.1" 200 7722
2021-01-19 18:37:01,155 [WARNING]  [basehttp - 154] "GET /static/xadmin/vendor/select2/select2_locale_zh-Hans.js HTTP/1.1" 404 1769
2021-01-19 18:37:07,018 [INFO]  [basehttp - 154] "GET /xadmin/reversion/revision/ HTTP/1.1" 200 29662
2021-01-19 18:37:07,044 [INFO]  [basehttp - 154] "GET /xadmin/jsi18n/ HTTP/1.1" 200 7722
2021-01-19 18:37:07,045 [WARNING]  [basehttp - 154] "GET /static/xadmin/vendor/select2/select2_locale_zh-Hans.js HTTP/1.1" 404 1769
2021-01-19 18:37:07,112 [WARNING]  [basehttp - 154] "GET /static/xadmin/vendor/select2/select2_locale_zh-Hans.js HTTP/1.1" 404 1769
2021-01-19 18:37:16,464 [INFO]  [basehttp - 154] "GET /xadmin/users/user/ HTTP/1.1" 200 34846
2021-01-19 18:37:16,485 [INFO]  [basehttp - 154] "GET /xadmin/jsi18n/ HTTP/1.1" 200 7722
2021-01-19 18:37:43,510 [INFO]  [basehttp - 154] "GET /xadmin/host/hosts/add/ HTTP/1.1" 200 17262
2021-01-19 18:37:43,535 [INFO]  [basehttp - 154] "GET /xadmin/jsi18n/ HTTP/1.1" 200 7722
2021-01-19 18:37:51,146 [INFO]  [basehttp - 154] "GET /xadmin/host/hosts/ HTTP/1.1" 200 24073
2021-01-19 18:37:51,174 [INFO]  [basehttp - 154] "GET /xadmin/jsi18n/ HTTP/1.1" 200 7722
